build/app/outputs/mapping/release/mapping.txt
# compiler: R8
# compiler_version: 1.5.64
# min_api: 21
# pg_map_id: f1b50ff
...
com.github.barteksc.pdfviewer.DragPinchManager -> c.a.a.a.d:
    boolean enabled -> i
    com.github.barteksc.pdfviewer.PDFView pdfView -> c
    android.view.GestureDetector gestureDetector -> e
    android.view.ScaleGestureDetector scaleGestureDetector -> f
    boolean scrolling -> g
    boolean scaling -> h
    com.github.barteksc.pdfviewer.AnimationManager animationManager -> d
    boolean checkDoPageFling(float,float) -> a
    void disable() -> a
    void onScrollEnd(android.view.MotionEvent) -> a
    void startPageFling(android.view.MotionEvent,android.view.MotionEvent,float,float) -> a
    boolean checkLinkTapped(float,float) -> b
    void enable() -> b
    void hideHandle() -> c
    void onBoundedFling(float,float) -> c
com.github.barteksc.pdfviewer.PDFView -> c.a.a.a.e:
    float currentXOffset -> k
    boolean pageFling -> N
    java.util.List onDrawPagesNums -> O
    boolean hasSize -> P
    int currentPage -> j
    android.os.HandlerThread renderingHandlerThread -> q
    android.graphics.Paint debugPaint -> v
    boolean enableAntialiasing -> J
    float maxZoom -> e
    float minZoom -> c
    com.github.barteksc.pdfviewer.DecodingAsyncTask decodingAsyncTask -> p
    com.github.barteksc.pdfviewer.DragPinchManager dragPinchManager -> h
    com.github.barteksc.pdfviewer.AnimationManager animationManager -> g
    boolean swipeVertical -> y
    boolean bestQuality -> G
    boolean doubletapEnabled -> A
    com.github.barteksc.pdfviewer.PDFView$State state -> o
    com.github.barteksc.pdfviewer.PagesLoader pagesLoader -> s
    boolean pageSnap -> C
    com.github.barteksc.pdfviewer.PdfFile pdfFile -> i
    float zoom -> m
    float currentYOffset -> l
    boolean autoSpacing -> M
    boolean recycled -> n
    com.github.barteksc.pdfviewer.scroll.ScrollHandle scrollHandle -> E
    int spacingPx -> L
    com.github.barteksc.pdfviewer.CacheManager cacheManager -> f
    boolean renderDuringScale -> I
    android.graphics.Paint paint -> u
    android.graphics.PaintFlagsDrawFilter antialiasFilter -> K
    float midZoom -> d
    com.shockwave.pdfium.PdfiumCore pdfiumCore -> D
    com.github.barteksc.pdfviewer.listener.Callbacks callbacks -> t
    java.lang.String TAG -> R
com.github.barteksc.pdfviewer.PDFView$1 -> c.a.a.a.e$a:
com.github.barteksc.pdfviewer.PDFView$Configurator -> c.a.a.a.e$b:
    boolean antialiasing -> u
    boolean autoSpacing -> w
    boolean swipeHorizontal -> q
    com.github.barteksc.pdfviewer.listener.OnDrawListener onDrawAllListener -> f
    com.github.barteksc.pdfviewer.listener.OnPageChangeListener onPageChangeListener -> i
    com.github.barteksc.pdfviewer.scroll.ScrollHandle scrollHandle -> t
    int[] pageNumbers -> b
    boolean pageFling -> y
    com.github.barteksc.pdfviewer.util.FitPolicy pageFitPolicy -> x
    boolean nightMode -> A
    boolean enableDoubletap -> d
    com.github.barteksc.pdfviewer.listener.OnPageScrollListener onPageScrollListener -> j
    com.github.barteksc.pdfviewer.listener.OnTapListener onTapListener -> l
    com.github.barteksc.pdfviewer.listener.OnRenderListener onRenderListener -> k
    com.github.barteksc.pdfviewer.link.LinkHandler linkHandler -> o
    java.lang.String password -> s
    boolean annotationRendering -> r
    com.github.barteksc.pdfviewer.listener.OnPageErrorListener onPageErrorListener -> n
    com.github.barteksc.pdfviewer.listener.OnLoadCompleteListener onLoadCompleteListener -> g
    com.github.barteksc.pdfviewer.listener.OnDrawListener onDrawListener -> e
    boolean pageSnap -> z
    com.github.barteksc.pdfviewer.PDFView this$0 -> B
    com.github.barteksc.pdfviewer.source.DocumentSource documentSource -> a
    int spacing -> v
    com.github.barteksc.pdfviewer.listener.OnLongPressListener onLongPressListener -> m